2025-12-31T18:20:39.904+08:00  INFO 84948 --- [SpringAopLearn] [main] c.e.springaop.SpringAopLearnApplication  : Starting SpringAopLearnApplication using Java 17.0.9 with PID 84948 (/Users/sam/Desktop/test/spring-aop/build/classes/java/main started by sam in /Users/sam/Desktop/test/spring-aop)
2025-12-31T18:20:39.907+08:00  INFO 84948 --- [SpringAopLearn] [main] c.e.springaop.SpringAopLearnApplication  : No active profile set, falling back to 1 default profile: "default"
2025-12-31T18:20:40.263+08:00  INFO 84948 --- [SpringAopLearn] [main] o.s.b.w.embedded.tomcat.TomcatWebServer  : Tomcat initialized with port 8081 (http)
2025-12-31T18:20:40.268+08:00  INFO 84948 --- [SpringAopLearn] [main] o.apache.catalina.core.StandardService   : Starting service [Tomcat]
2025-12-31T18:20:40.268+08:00  INFO 84948 --- [SpringAopLearn] [main] o.apache.catalina.core.StandardEngine    : Starting Servlet engine: [Apache Tomcat/10.1.33]
2025-12-31T18:20:40.291+08:00  INFO 84948 --- [SpringAopLearn] [main] o.a.c.c.C.[Tomcat].[localhost].[/]       : Initializing Spring embedded WebApplicationContext
2025-12-31T18:20:40.291+08:00  INFO 84948 --- [SpringAopLearn] [main] w.s.c.ServletWebServerApplicationContext : Root WebApplicationContext: initialization completed in 355 ms
2025-12-31T18:20:40.435+08:00  INFO 84948 --- [SpringAopLearn] [main] o.s.b.w.embedded.tomcat.TomcatWebServer  : Tomcat started on port 8081 (http) with context path '/'
2025-12-31T18:20:40.439+08:00  INFO 84948 --- [SpringAopLearn] [main] c.e.springaop.SpringAopLearnApplication  : Started SpringAopLearnApplication in 0.713 seconds (process running for 0.83)
2025-12-31T18:20:55.851+08:00  INFO 84948 --- [SpringAopLearn] [http-nio-8081-exec-1] o.a.c.c.C.[Tomcat].[localhost].[/]       : Initializing Spring DispatcherServlet 'dispatcherServlet'
2025-12-31T18:20:55.851+08:00  INFO 84948 --- [SpringAopLearn] [http-nio-8081-exec-1] o.s.web.servlet.DispatcherServlet        : Initializing Servlet 'dispatcherServlet'
2025-12-31T18:20:55.852+08:00  INFO 84948 --- [SpringAopLearn] [http-nio-8081-exec-1] o.s.web.servlet.DispatcherServlet        : Completed initialization in 1 ms
2025-12-31T18:20:55.880+08:00  INFO 84948 --- [SpringAopLearn] [http-nio-8081-exec-1] c.e.springaop.aspect.LoggingAspect       : Around (Before) execution: getData
2025-12-31T18:20:55.880+08:00  INFO 84948 --- [SpringAopLearn] [http-nio-8081-exec-1] c.example.springaop.service.DataService  : Executing getData() method...
2025-12-31T18:20:55.880+08:00  INFO 84948 --- [SpringAopLearn] [http-nio-8081-exec-1] c.e.springaop.aspect.LoggingAspect       : Around (After) execution: getData took 1 ms
2025-12-31T18:20:58.895+08:00  INFO 84948 --- [SpringAopLearn] [http-nio-8081-exec-2] c.e.springaop.aspect.LoggingAspect       : Around (Before) execution: saveData
2025-12-31T18:20:58.896+08:00  INFO 84948 --- [SpringAopLearn] [http-nio-8081-exec-2] c.example.springaop.service.DataService  : Executing saveData() method with args: mlaksjdflasjdflasjdflasjdflasjdf
2025-12-31T18:20:58.896+08:00  INFO 84948 --- [SpringAopLearn] [http-nio-8081-exec-2] c.e.springaop.aspect.LoggingAspect       : Around (After) execution: saveData took 1 ms
2025-12-31T18:52:00.125+08:00  INFO 84948 --- [SpringAopLearn] [http-nio-8081-exec-3] c.e.springaop.aspect.LoggingAspect       : Around (Before) execution: saveData
2025-12-31T18:52:00.126+08:00  INFO 84948 --- [SpringAopLearn] [http-nio-8081-exec-3] c.example.springaop.service.DataService  : Executing saveData() method with args: mlaksjdflasjdflasjdflasjdflasjdf
2025-12-31T18:52:00.127+08:00  INFO 84948 --- [SpringAopLearn] [http-nio-8081-exec-3] c.e.springaop.aspect.LoggingAspect       : Around (After) execution: saveData took 2 ms
2025-12-31T18:52:02.482+08:00  INFO 84948 --- [SpringAopLearn] [http-nio-8081-exec-4] c.e.springaop.aspect.LoggingAspect       : Around (Before) execution: getData
2025-12-31T18:52:02.482+08:00  INFO 84948 --- [SpringAopLearn] [http-nio-8081-exec-4] c.example.springaop.service.DataService  : Executing getData() method...
2025-12-31T18:52:02.482+08:00  INFO 84948 --- [SpringAopLearn] [http-nio-8081-exec-4] c.e.springaop.aspect.LoggingAspect       : Around (After) execution: getData took 0 ms
2025-12-31T18:57:59.363+08:00  INFO 84948 --- [SpringAopLearn] [http-nio-8081-exec-5] c.e.springaop.aspect.LoggingAspect       : Around (Before) execution: getData
2025-12-31T18:57:59.363+08:00  INFO 84948 --- [SpringAopLearn] [http-nio-8081-exec-5] c.example.springaop.service.DataService  : Executing getData() method...
2025-12-31T18:57:59.363+08:00  INFO 84948 --- [SpringAopLearn] [http-nio-8081-exec-5] c.e.springaop.aspect.LoggingAspect       : Around (After) execution: getData took 0 ms
